17-Apr-2021 09:43:49.423 INFO [main] org.apache.catalina.startup.VersionLoggerListener.log Server version name:   Apache Tomcat/9.0.45
17-Apr-2021 09:43:49.430 INFO [main] org.apache.catalina.startup.VersionLoggerListener.log Server built:          Mar 30 2021 10:29:04 UTC
17-Apr-2021 09:43:49.430 INFO [main] org.apache.catalina.startup.VersionLoggerListener.log Server version number: 9.0.45.0
17-Apr-2021 09:43:49.430 INFO [main] org.apache.catalina.startup.VersionLoggerListener.log OS Name:               Windows 10
17-Apr-2021 09:43:49.430 INFO [main] org.apache.catalina.startup.VersionLoggerListener.log OS Version:            10.0
17-Apr-2021 09:43:49.430 INFO [main] org.apache.catalina.startup.VersionLoggerListener.log Architecture:          amd64
17-Apr-2021 09:43:49.430 INFO [main] org.apache.catalina.startup.VersionLoggerListener.log Java Home:             C:\Program Files\Java\jdk-15.0.2
17-Apr-2021 09:43:49.430 INFO [main] org.apache.catalina.startup.VersionLoggerListener.log JVM Version:           15.0.2+7-27
17-Apr-2021 09:43:49.430 INFO [main] org.apache.catalina.startup.VersionLoggerListener.log JVM Vendor:            Oracle Corporation
17-Apr-2021 09:43:49.430 INFO [main] org.apache.catalina.startup.VersionLoggerListener.log CATALINA_BASE:         C:\app\Apachetomcat\apache-tomcat-9.0.45
17-Apr-2021 09:43:49.430 INFO [main] org.apache.catalina.startup.VersionLoggerListener.log CATALINA_HOME:         C:\app\Apachetomcat\apache-tomcat-9.0.45
17-Apr-2021 09:43:49.453 INFO [main] org.apache.catalina.startup.VersionLoggerListener.log Command line argument: --add-opens=java.base/java.lang=ALL-UNNAMED
17-Apr-2021 09:43:49.453 INFO [main] org.apache.catalina.startup.VersionLoggerListener.log Command line argument: --add-opens=java.base/java.io=ALL-UNNAMED
17-Apr-2021 09:43:49.453 INFO [main] org.apache.catalina.startup.VersionLoggerListener.log Command line argument: --add-opens=java.base/java.util=ALL-UNNAMED
17-Apr-2021 09:43:49.453 INFO [main] org.apache.catalina.startup.VersionLoggerListener.log Command line argument: --add-opens=java.base/java.util.concurrent=ALL-UNNAMED
17-Apr-2021 09:43:49.453 INFO [main] org.apache.catalina.startup.VersionLoggerListener.log Command line argument: --add-opens=java.rmi/sun.rmi.transport=ALL-UNNAMED
17-Apr-2021 09:43:49.453 INFO [main] org.apache.catalina.startup.VersionLoggerListener.log Command line argument: -Djava.util.logging.config.file=C:\app\Apachetomcat\apache-tomcat-9.0.45\conf\logging.properties
17-Apr-2021 09:43:49.453 INFO [main] org.apache.catalina.startup.VersionLoggerListener.log Command line argument: -Djava.util.logging.manager=org.apache.juli.ClassLoaderLogManager
17-Apr-2021 09:43:49.453 INFO [main] org.apache.catalina.startup.VersionLoggerListener.log Command line argument: -Dhttp.nonProxyHosts=localhost|127.0.0.1|DESKTOP-3SQAHO1
17-Apr-2021 09:43:49.453 INFO [main] org.apache.catalina.startup.VersionLoggerListener.log Command line argument: -Djdk.tls.ephemeralDHKeySize=2048
17-Apr-2021 09:43:49.453 INFO [main] org.apache.catalina.startup.VersionLoggerListener.log Command line argument: -Djava.protocol.handler.pkgs=org.apache.catalina.webresources
17-Apr-2021 09:43:49.453 INFO [main] org.apache.catalina.startup.VersionLoggerListener.log Command line argument: -Dignore.endorsed.dirs=
17-Apr-2021 09:43:49.453 INFO [main] org.apache.catalina.startup.VersionLoggerListener.log Command line argument: -Dcatalina.base=C:\app\Apachetomcat\apache-tomcat-9.0.45
17-Apr-2021 09:43:49.453 INFO [main] org.apache.catalina.startup.VersionLoggerListener.log Command line argument: -Dcatalina.home=C:\app\Apachetomcat\apache-tomcat-9.0.45
17-Apr-2021 09:43:49.453 INFO [main] org.apache.catalina.startup.VersionLoggerListener.log Command line argument: -Djava.io.tmpdir=C:\app\Apachetomcat\apache-tomcat-9.0.45\temp
17-Apr-2021 09:43:49.503 INFO [main] org.apache.catalina.core.AprLifecycleListener.lifecycleEvent Loaded Apache Tomcat Native library [1.2.27] using APR version [1.7.0].
17-Apr-2021 09:43:49.503 INFO [main] org.apache.catalina.core.AprLifecycleListener.lifecycleEvent APR capabilities: IPv6 [true], sendfile [true], accept filters [false], random [true].
17-Apr-2021 09:43:49.503 INFO [main] org.apache.catalina.core.AprLifecycleListener.lifecycleEvent APR/OpenSSL configuration: useAprConnector [false], useOpenSSL [true]
17-Apr-2021 09:43:49.518 INFO [main] org.apache.catalina.core.AprLifecycleListener.initializeSSL OpenSSL successfully initialized [OpenSSL 1.1.1k  25 Mar 2021]
17-Apr-2021 09:43:49.889 INFO [main] org.apache.coyote.AbstractProtocol.init Initializing ProtocolHandler ["http-nio-8080"]
17-Apr-2021 09:43:49.999 INFO [main] org.apache.catalina.startup.Catalina.load Server initialization in [867] milliseconds
17-Apr-2021 09:43:50.059 INFO [main] org.apache.catalina.core.StandardService.startInternal Starting service [Catalina]
17-Apr-2021 09:43:50.059 INFO [main] org.apache.catalina.core.StandardEngine.startInternal Starting Servlet engine: [Apache Tomcat/9.0.45]
17-Apr-2021 09:43:50.068 INFO [main] org.apache.catalina.startup.HostConfig.deployDirectory Deploying web application directory [C:\app\Apachetomcat\apache-tomcat-9.0.45\webapps\docs]
17-Apr-2021 09:43:50.408 INFO [main] org.apache.catalina.startup.HostConfig.deployDirectory Deployment of web application directory [C:\app\Apachetomcat\apache-tomcat-9.0.45\webapps\docs] has finished in [340] ms
17-Apr-2021 09:43:50.409 INFO [main] org.apache.catalina.startup.HostConfig.deployDirectory Deploying web application directory [C:\app\Apachetomcat\apache-tomcat-9.0.45\webapps\examples]
17-Apr-2021 09:43:51.125 INFO [main] org.apache.catalina.startup.HostConfig.deployDirectory Deployment of web application directory [C:\app\Apachetomcat\apache-tomcat-9.0.45\webapps\examples] has finished in [716] ms
17-Apr-2021 09:43:51.140 INFO [main] org.apache.catalina.startup.HostConfig.deployDirectory Deploying web application directory [C:\app\Apachetomcat\apache-tomcat-9.0.45\webapps\host-manager]
17-Apr-2021 09:43:51.196 INFO [main] org.apache.catalina.startup.HostConfig.deployDirectory Deployment of web application directory [C:\app\Apachetomcat\apache-tomcat-9.0.45\webapps\host-manager] has finished in [70] ms
17-Apr-2021 09:43:51.196 INFO [main] org.apache.catalina.startup.HostConfig.deployDirectory Deploying web application directory [C:\app\Apachetomcat\apache-tomcat-9.0.45\webapps\manager]
17-Apr-2021 09:43:51.225 INFO [main] org.apache.catalina.startup.HostConfig.deployDirectory Deployment of web application directory [C:\app\Apachetomcat\apache-tomcat-9.0.45\webapps\manager] has finished in [29] ms
17-Apr-2021 09:43:51.225 INFO [main] org.apache.catalina.startup.HostConfig.deployDirectory Deploying web application directory [C:\app\Apachetomcat\apache-tomcat-9.0.45\webapps\ROOT]
17-Apr-2021 09:43:51.277 INFO [main] org.apache.catalina.startup.HostConfig.deployDirectory Deployment of web application directory [C:\app\Apachetomcat\apache-tomcat-9.0.45\webapps\ROOT] has finished in [51] ms
17-Apr-2021 09:43:51.281 INFO [main] org.apache.coyote.AbstractProtocol.start Starting ProtocolHandler ["http-nio-8080"]
17-Apr-2021 09:43:51.291 INFO [main] org.apache.catalina.startup.Catalina.start Server startup in [1292] milliseconds
17-Apr-2021 09:44:41.698 INFO [main] org.apache.catalina.core.StandardServer.await A valid shutdown command was received via the shutdown port. Stopping the Server instance.
17-Apr-2021 09:44:41.698 INFO [main] org.apache.coyote.AbstractProtocol.pause Pausing ProtocolHandler ["http-nio-8080"]
17-Apr-2021 09:44:41.713 INFO [main] org.apache.catalina.core.StandardService.stopInternal Stopping service [Catalina]
17-Apr-2021 09:44:41.739 INFO [main] org.apache.coyote.AbstractProtocol.stop Stopping ProtocolHandler ["http-nio-8080"]
17-Apr-2021 09:44:41.761 INFO [main] org.apache.coyote.AbstractProtocol.destroy Destroying ProtocolHandler ["http-nio-8080"]
